[1/36] Building CXX object CMakeFiles/cppapiframework.dir/cmake_pch.hxx.pch
warning: unknown warning option '-Wsecurity'; did you mean '-Wsection'? [-Wunknown-warning-option]
1 warning generated.
[2/36] Building CXX object CMakeFiles/cppapiframework.dir/src/Database/Migration.cpp.o
warning: unknown warning option '-Wsecurity'; did you mean '-Wsection'? [-Wunknown-warning-option]
1 warning generated.
[3/36] Building CXX object CMakeFiles/cppapiframework.dir/src/Database/CSql.cpp.o
warning: unknown warning option '-Wsecurity'; did you mean '-Wsection'? [-Wunknown-warning-option]
1 warning generated.
[4/36] Building CXX object CMakeFiles/cppapiframework.dir/src/CacheUtils/Cache.cpp.o
warning: unknown warning option '-Wsecurity'; did you mean '-Wsection'? [-Wunknown-warning-option]
1 warning generated.
[5/36] Building CXX object CMakeFiles/cppapiframework.dir/src/Database/DBMigrate.cpp.o
warning: unknown warning option '-Wsecurity'; did you mean '-Wsection'? [-Wunknown-warning-option]
1 warning generated.
[6/36] Building CXX object CMakeFiles/cppapiframework.dir/src/JSON/StructParser.cpp.o
warning: unknown warning option '-Wsecurity'; did you mean '-Wsection'? [-Wunknown-warning-option]
1 warning generated.
[7/36] Building CXX object CMakeFiles/cppapiframework.dir/src/PistacheCustomHttpHeaders/LastModified.cpp.o
warning: unknown warning option '-Wsecurity'; did you mean '-Wsection'? [-Wunknown-warning-option]
1 warning generated.
[8/36] Building CXX object CMakeFiles/cppapiframework.dir/src/Storage/Storage.cpp.o
warning: unknown warning option '-Wsecurity'; did you mean '-Wsection'? [-Wunknown-warning-option]
1 warning generated.
[9/36] Building CXX object CMakeFiles/cppapiframework.dir/src/WebInterface/CPistacheEndpoint.cpp.o
warning: unknown warning option '-Wsecurity'; did you mean '-Wsection'? [-Wunknown-warning-option]
1 warning generated.
[10/36] Building CXX object CMakeFiles/cppapiframework.dir/src/WebControllers/CStorageController.cpp.o
warning: unknown warning option '-Wsecurity'; did you mean '-Wsection'? [-Wunknown-warning-option]
1 warning generated.
[11/36] Building CXX object CMakeFiles/cppapiframework.dir/src/WebInterface/JsonResponse.cpp.o
warning: unknown warning option '-Wsecurity'; did you mean '-Wsection'? [-Wunknown-warning-option]
1 warning generated.
[12/36] Building CXX object CMakeFiles/cppapiframework.dir/src/WebInterface/WebApp.cpp.o
warning: unknown warning option '-Wsecurity'; did you mean '-Wsection'? [-Wunknown-warning-option]
1 warning generated.
[13/36] Building CXX object CMakeFiles/cppapiframework.dir/src/WebInterface/WebInputValidator.cpp.o
warning: unknown warning option '-Wsecurity'; did you mean '-Wsection'? [-Wunknown-warning-option]
1 warning generated.
[14/36] Building CXX object CMakeFiles/cppapiframework.dir/src/WebInterface/httpwrappers.cpp.o
warning: unknown warning option '-Wsecurity'; did you mean '-Wsection'? [-Wunknown-warning-option]
1 warning generated.
[15/36] Building CXX object CMakeFiles/cppapiframework.dir/src/WebSocket/WebSocketHandler.cpp.o
warning: unknown warning option '-Wsecurity'; did you mean '-Wsection'? [-Wunknown-warning-option]
1 warning generated.
[16/36] Building CXX object CMakeFiles/cppapiframework.dir/src/WebInterface/CController.cpp.o
warning: unknown warning option '-Wsecurity'; did you mean '-Wsection'? [-Wunknown-warning-option]
1 warning generated.
[17/36] Building CXX object CMakeFiles/cppapiframework.dir/src/boot.cpp.o
warning: unknown warning option '-Wsecurity'; did you mean '-Wsection'? [-Wunknown-warning-option]
1 warning generated.
[18/36] Building CXX object CMakeFiles/cppapiframework.dir/src/WebSocket/HandshakeWebSocket.cpp.o
warning: unknown warning option '-Wsecurity'; did you mean '-Wsection'? [-Wunknown-warning-option]
1 warning generated.
[19/36] Building CXX object CMakeFiles/cppapiframework.dir/src/WebSocket/RouterHandler.cpp.o
warning: unknown warning option '-Wsecurity'; did you mean '-Wsection'? [-Wunknown-warning-option]
1 warning generated.
[20/36] Building CXX object CMakeFiles/cppapiframework.dir/src/jobhandler/SimpleConsoleMetrics.cpp.o
warning: unknown warning option '-Wsecurity'; did you mean '-Wsection'? [-Wunknown-warning-option]
1 warning generated.
[21/36] Building CXX object CMakeFiles/cppapiframework.dir/src/jobhandler/JobsHandler.cpp.o
warning: unknown warning option '-Wsecurity'; did you mean '-Wsection'? [-Wunknown-warning-option]
1 warning generated.
[22/36] Building CXX object CMakeFiles/cppapiframework.dir/src/jobhandler/WokerMetricsCallback.cpp.o
warning: unknown warning option '-Wsecurity'; did you mean '-Wsection'? [-Wunknown-warning-option]
1 warning generated.
[23/36] Building CXX object CMakeFiles/cppapiframework.dir/src/queues/GenericQueue.cpp.o
warning: unknown warning option '-Wsecurity'; did you mean '-Wsection'? [-Wunknown-warning-option]
1 warning generated.
[24/36] Building CXX object CMakeFiles/cppapiframework.dir/src/jobhandler/QueueableJob.cpp.o
warning: unknown warning option '-Wsecurity'; did you mean '-Wsection'? [-Wunknown-warning-option]
1 warning generated.
[25/36] Building CXX object CMakeFiles/cppapiframework.dir/src/utils/CConfig.cpp.o
warning: unknown warning option '-Wsecurity'; did you mean '-Wsection'? [-Wunknown-warning-option]
1 warning generated.
[26/36] Building CXX object CMakeFiles/cppapiframework.dir/src/jobhandler/QueueWorker.cpp.o
warning: unknown warning option '-Wsecurity'; did you mean '-Wsection'? [-Wunknown-warning-option]
1 warning generated.
[27/36] Building CXX object CMakeFiles/cppapiframework.dir/src/queues/StdQueue.cpp.o
warning: unknown warning option '-Wsecurity'; did you mean '-Wsection'? [-Wunknown-warning-option]
1 warning generated.
[28/36] Building CXX object CMakeFiles/cppapiframework.dir/src/utils/CLog.cpp.o
warning: unknown warning option '-Wsecurity'; did you mean '-Wsection'? [-Wunknown-warning-option]
1 warning generated.
[29/36] Building CXX object CMakeFiles/cppapiframework.dir/src/queues/RedisQueue.cpp.o
warning: unknown warning option '-Wsecurity'; did you mean '-Wsection'? [-Wunknown-warning-option]
1 warning generated.
[30/36] Building CXX object CMakeFiles/cppapiframework.dir/src/utils/CHttpPool.cpp.o
warning: unknown warning option '-Wsecurity'; did you mean '-Wsection'? [-Wunknown-warning-option]
1 warning generated.
[31/36] Building CXX object CMakeFiles/cppapiframework.dir/src/utils/ProcessHelper.cpp.o
warning: unknown warning option '-Wsecurity'; did you mean '-Wsection'? [-Wunknown-warning-option]
1 warning generated.
[32/36] Building CXX object CMakeFiles/cppapiframework.dir/src/utils/Validator.cpp.o
warning: unknown warning option '-Wsecurity'; did you mean '-Wsection'? [-Wunknown-warning-option]
1 warning generated.
[33/36] Building CXX object CMakeFiles/cppapiframework.dir/src/utils/DocAPI.cpp.o
warning: unknown warning option '-Wsecurity'; did you mean '-Wsection'? [-Wunknown-warning-option]
1 warning generated.
[34/36] Building CXX object CMakeFiles/cppapiframework.dir/src/utils/RedisService.cpp.o
warning: unknown warning option '-Wsecurity'; did you mean '-Wsection'? [-Wunknown-warning-option]
1 warning generated.
[35/36] Building CXX object CMakeFiles/cppapiframework.dir/src/utils/InputValidators.cpp.o
warning: unknown warning option '-Wsecurity'; did you mean '-Wsection'? [-Wunknown-warning-option]
1 warning generated.
[36/36] Linking CXX static library libcppapiframework.a
