
Analyzing: ../src/Database/CSql.cpp
142222 warnings generated.
warning: modification of 'std' namespace can result in undefined behavior [cert-dcl58-cpp]
/usr/bin/../lib/gcc/x86_64-linux-gnu/14/../../../../include/c++/14/type_traits:65:11: note: 'std' namespace opened here
   65 | namespace std _GLIBCXX_VISIBILITY(default)
      |           ^
Suppressed 142220 warnings (142216 in non-user code, 2 NOLINT, 2 with check filters).
Use -header-filter=.* to display errors from all non-system headers. Use -system-headers to display errors from system headers as well.
Analyzing: ../src/WebInterface/CController.cpp
142225 warnings generated.
/home/runner/work/cppapiframework/cppapiframework/src/WebInterface/CController.cpp:13:52: warning: initialization of 'JSON_RETURN' with static storage duration may throw an exception that cannot be caught [cert-err58-cpp]
   13 | const Pistache::Http::Mime::MediaType CController::JSON_RETURN =
      |                                                    ^
/usr/include/pistache/mime.h:174:9: note: possibly throwing constructor declared here
  174 |         MediaType(Mime::Type top, Mime::Subtype sub, Mime::Suffix suffix)
      |         ^
Suppressed 142226 warnings (142222 in non-user code, 2 NOLINT, 2 with check filters).
Use -header-filter=.* to display errors from all non-system headers. Use -system-headers to display errors from system headers as well.
Analyzing: ../src/WebInterface/WebInputValidator.cpp
142184 warnings generated.
Suppressed 142186 warnings (142182 in non-user code, 2 NOLINT, 2 with check filters).
Use -header-filter=.* to display errors from all non-system headers. Use -system-headers to display errors from system headers as well.
